# JRE version: Java(TM) SE Runtime Environment (8.0_221-b11) (build 1.8.0_221-b11)
# Java VM: Java HotSpot(TM) 64-Bit Server VM (25.221-b11 mixed mode windows-amd64 compressed oops)
Heap:
 PSYoungGen      total 76288K, used 7467K [0x00000000d5980000, 0x00000000dd980000, 0x0000000100000000)
  eden space 71168K, 10% used [0x00000000d5980000,0x00000000d60cafa0,0x00000000d9f00000)
  from space 5120K, 0% used [0x00000000d9f00000,0x00000000d9f00000,0x00000000da400000)
  to   space 13824K, 0% used [0x00000000dcc00000,0x00000000dcc00000,0x00000000dd980000)
 ParOldGen       total 187904K, used 40305K [0x0000000080c00000, 0x000000008c380000, 0x00000000d5980000)
  object space 187904K, 21% used [0x0000000080c00000,0x000000008335c748,0x000000008c380000)
 Metaspace       used 35757K, capacity 36058K, committed 36608K, reserved 1081344K
  class space    used 4165K, capacity 4254K, committed 4352K, reserved 1048576K
GC Heap History (10 events):
Event: 4.388 GC heap before
{Heap before GC invocations=4 (full 1):
 PSYoungGen      total 54784K, used 36408K [0x00000000d5980000, 0x00000000da480000, 0x0000000100000000)
  eden space 49664K, 63% used [0x00000000d5980000,0x00000000d780eda8,0x00000000d8a00000)
  from space 5120K, 99% used [0x00000000d9f80000,0x00000000da47f558,0x00000000da480000)
  to   space 5120K, 0% used [0x00000000d9a80000,0x00000000d9a80000,0x00000000d9f80000)
 ParOldGen       total 129024K, used 30783K [0x0000000080c00000, 0x0000000088a00000, 0x00000000d5980000)
  object space 129024K, 23% used [0x0000000080c00000,0x0000000082a0fcc8,0x0000000088a00000)
 Metaspace       used 20650K, capacity 20912K, committed 21296K, reserved 1069056K
  class space    used 2487K, capacity 2566K, committed 2688K, reserved 1048576K
Event: 4.394 GC heap after
Heap after GC invocations=4 (full 1):
 PSYoungGen      total 71680K, used 5102K [0x00000000d5980000, 0x00000000da900000, 0x0000000100000000)
  eden space 66560K, 0% used [0x00000000d5980000,0x00000000d5980000,0x00000000d9a80000)
  from space 5120K, 99% used [0x00000000d9a80000,0x00000000d9f7ba80,0x00000000d9f80000)
  to   space 5120K, 0% used [0x00000000da400000,0x00000000da400000,0x00000000da900000)
 ParOldGen       total 129024K, used 37468K [0x0000000080c00000, 0x0000000088a00000, 0x00000000d5980000)
  object space 129024K, 29% used [0x0000000080c00000,0x0000000083097078,0x0000000088a00000)
 Metaspace       used 20650K, capacity 20912K, committed 21296K, reserved 1069056K
  class space    used 2487K, capacity 2566K, committed 2688K, reserved 1048576K
}
Event: 4.394 GC heap before
{Heap before GC invocations=5 (full 2):
 PSYoungGen      total 71680K, used 5102K [0x00000000d5980000, 0x00000000da900000, 0x0000000100000000)
  eden space 66560K, 0% used [0x00000000d5980000,0x00000000d5980000,0x00000000d9a80000)
  from space 5120K, 99% used [0x00000000d9a80000,0x00000000d9f7ba80,0x00000000d9f80000)
  to   space 5120K, 0% used [0x00000000da400000,0x00000000da400000,0x00000000da900000)
 ParOldGen       total 129024K, used 37468K [0x0000000080c00000, 0x0000000088a00000, 0x00000000d5980000)
  object space 129024K, 29% used [0x0000000080c00000,0x0000000083097078,0x0000000088a00000)
 Metaspace       used 20650K, capacity 20912K, committed 21296K, reserved 1069056K
  class space    used 2487K, capacity 2566K, committed 2688K, reserved 1048576K
Event: 4.421 GC heap after
Heap after GC invocations=5 (full 2):
 PSYoungGen      total 71680K, used 0K [0x00000000d5980000, 0x00000000da900000, 0x0000000100000000)
  eden space 66560K, 0% used [0x00000000d5980000,0x00000000d5980000,0x00000000d9a80000)
  from space 5120K, 0% used [0x00000000d9a80000,0x00000000d9a80000,0x00000000d9f80000)
  to   space 5120K, 0% used [0x00000000da400000,0x00000000da400000,0x00000000da900000)
 ParOldGen       total 171520K, used 34193K [0x0000000080c00000, 0x000000008b380000, 0x00000000d5980000)
  object space 171520K, 19% used [0x0000000080c00000,0x0000000082d64400,0x000000008b380000)
 Metaspace       used 20650K, capacity 20912K, committed 21296K, reserved 1069056K
  class space    used 2487K, capacity 2566K, committed 2688K, reserved 1048576K
}
Event: 31.929 GC heap before
{Heap before GC invocations=6 (full 2):
 PSYoungGen      total 71680K, used 66560K [0x00000000d5980000, 0x00000000da900000, 0x0000000100000000)
  eden space 66560K, 100% used [0x00000000d5980000,0x00000000d9a80000,0x00000000d9a80000)
  from space 5120K, 0% used [0x00000000d9a80000,0x00000000d9a80000,0x00000000d9f80000)
  to   space 5120K, 0% used [0x00000000da400000,0x00000000da400000,0x00000000da900000)
 ParOldGen       total 171520K, used 34193K [0x0000000080c00000, 0x000000008b380000, 0x00000000d5980000)
  object space 171520K, 19% used [0x0000000080c00000,0x0000000082d64400,0x000000008b380000)
 Metaspace       used 30582K, capacity 30916K, committed 31488K, reserved 1077248K
  class space    used 3698K, capacity 3802K, committed 3840K, reserved 1048576K
Event: 31.941 GC heap after
Heap after GC invocations=6 (full 2):
 PSYoungGen      total 76288K, used 5091K [0x00000000d5980000, 0x00000000dc200000, 0x0000000100000000)
  eden space 71168K, 0% used [0x00000000d5980000,0x00000000d5980000,0x00000000d9f00000)
  from space 5120K, 99% used [0x00000000da400000,0x00000000da8f8dd8,0x00000000da900000)
  to   space 5120K, 0% used [0x00000000d9f00000,0x00000000d9f00000,0x00000000da400000)
 ParOldGen       total 171520K, used 37958K [0x0000000080c00000, 0x000000008b380000, 0x00000000d5980000)
  object space 171520K, 22% used [0x0000000080c00000,0x0000000083111930,0x000000008b380000)
 Metaspace       used 30582K, capacity 30916K, committed 31488K, reserved 1077248K
  class space    used 3698K, capacity 3802K, committed 3840K, reserved 1048576K
}
Event: 32.485 GC heap before
{Heap before GC invocations=7 (full 2):
 PSYoungGen      total 76288K, used 39272K [0x00000000d5980000, 0x00000000dc200000, 0x0000000100000000)
  eden space 71168K, 48% used [0x00000000d5980000,0x00000000d7ae1620,0x00000000d9f00000)
  from space 5120K, 99% used [0x00000000da400000,0x00000000da8f8dd8,0x00000000da900000)
  to   space 5120K, 0% used [0x00000000d9f00000,0x00000000d9f00000,0x00000000da400000)
 ParOldGen       total 171520K, used 37958K [0x0000000080c00000, 0x000000008b380000, 0x00000000d5980000)
  object space 171520K, 22% used [0x0000000080c00000,0x0000000083111930,0x000000008b380000)
 Metaspace       used 34808K, capacity 35056K, committed 35456K, reserved 1081344K
  class space    used 4067K, capacity 4156K, committed 4224K, reserved 1048576K
Event: 32.492 GC heap after
Heap after GC invocations=7 (full 2):
 PSYoungGen      total 76288K, used 5118K [0x00000000d5980000, 0x00000000dd980000, 0x0000000100000000)
  eden space 71168K, 0% used [0x00000000d5980000,0x00000000d5980000,0x00000000d9f00000)
  from space 5120K, 99% used [0x00000000d9f00000,0x00000000da3ffb38,0x00000000da400000)
  to   space 13824K, 0% used [0x00000000dcc00000,0x00000000dcc00000,0x00000000dd980000)
 ParOldGen       total 171520K, used 41958K [0x0000000080c00000, 0x000000008b380000, 0x00000000d5980000)
  object space 171520K, 24% used [0x0000000080c00000,0x00000000834f9a60,0x000000008b380000)
 Metaspace       used 34808K, capacity 35056K, committed 35456K, reserved 1081344K
  class space    used 4067K, capacity 4156K, committed 4224K, reserved 1048576K
}
Event: 32.492 GC heap before
{Heap before GC invocations=8 (full 3):
 PSYoungGen      total 76288K, used 5118K [0x00000000d5980000, 0x00000000dd980000, 0x0000000100000000)
  eden space 71168K, 0% used [0x00000000d5980000,0x00000000d5980000,0x00000000d9f00000)
  from space 5120K, 99% used [0x00000000d9f00000,0x00000000da3ffb38,0x00000000da400000)
  to   space 13824K, 0% used [0x00000000dcc00000,0x00000000dcc00000,0x00000000dd980000)
 ParOldGen       total 171520K, used 41958K [0x0000000080c00000, 0x000000008b380000, 0x00000000d5980000)
  object space 171520K, 24% used [0x0000000080c00000,0x00000000834f9a60,0x000000008b380000)
 Metaspace       used 34808K, capacity 35056K, committed 35456K, reserved 1081344K
  class space    used 4067K, capacity 4156K, committed 4224K, reserved 1048576K
Event: 32.582 GC heap after
Heap after GC invocations=8 (full 3):
 PSYoungGen      total 76288K, used 0K [0x00000000d5980000, 0x00000000dd980000, 0x0000000100000000)
  eden space 71168K, 0% used [0x00000000d5980000,0x00000000d5980000,0x00000000d9f00000)
  from space 5120K, 0% used [0x00000000d9f00000,0x00000000d9f00000,0x00000000da400000)
  to   space 13824K, 0% used [0x00000000dcc00000,0x00000000dcc00000,0x00000000dd980000)
 ParOldGen       total 187904K, used 40305K [0x0000000080c00000, 0x000000008c380000, 0x00000000d5980000)
  object space 187904K, 21% used [0x0000000080c00000,0x000000008335c748,0x000000008c380000)
 Metaspace       used 34808K, capacity 35056K, committed 35456K, reserved 1081344K
  class space    used 4067K, capacity 4156K, committed 4224K, reserved 1048576K
}

