# JRE version: Java(TM) SE Runtime Environment (8.0_221-b11) (build 1.8.0_221-b11)
# Java VM: Java HotSpot(TM) 64-Bit Server VM (25.221-b11 mixed mode windows-amd64 compressed oops)
Heap:
 PSYoungGen      total 38400K, used 19568K [0x00000000d5980000, 0x00000000da480000, 0x0000000100000000)
  eden space 33280K, 58% used [0x00000000d5980000,0x00000000d6c9c2d8,0x00000000d7a00000)
  from space 5120K, 0% used [0x00000000d7a00000,0x00000000d7a00000,0x00000000d7f00000)
  to   space 5120K, 0% used [0x00000000d9f80000,0x00000000d9f80000,0x00000000da480000)
 ParOldGen       total 130560K, used 23153K [0x0000000080c00000, 0x0000000088b80000, 0x00000000d5980000)
  object space 130560K, 17% used [0x0000000080c00000,0x000000008229c4e0,0x0000000088b80000)
 Metaspace       used 10959K, capacity 11120K, committed 11264K, reserved 1058816K
  class space    used 1373K, capacity 1450K, committed 1536K, reserved 1048576K
GC Heap History (4 events):
Event: 1.953 GC heap before
{Heap before GC invocations=1 (full 0):
 PSYoungGen      total 38400K, used 33280K [0x00000000d5980000, 0x00000000d8400000, 0x0000000100000000)
  eden space 33280K, 100% used [0x00000000d5980000,0x00000000d7a00000,0x00000000d7a00000)
  from space 5120K, 0% used [0x00000000d7f00000,0x00000000d7f00000,0x00000000d8400000)
  to   space 5120K, 0% used [0x00000000d7a00000,0x00000000d7a00000,0x00000000d7f00000)
 ParOldGen       total 87552K, used 0K [0x0000000080c00000, 0x0000000086180000, 0x00000000d5980000)
  object space 87552K, 0% used [0x0000000080c00000,0x0000000080c00000,0x0000000086180000)
 Metaspace       used 9960K, capacity 10146K, committed 10368K, reserved 1058816K
  class space    used 1261K, capacity 1321K, committed 1408K, reserved 1048576K
Event: 1.977 GC heap after
Heap after GC invocations=1 (full 0):
 PSYoungGen      total 38400K, used 3060K [0x00000000d5980000, 0x00000000da480000, 0x0000000100000000)
  eden space 33280K, 0% used [0x00000000d5980000,0x00000000d5980000,0x00000000d7a00000)
  from space 5120K, 59% used [0x00000000d7a00000,0x00000000d7cfd240,0x00000000d7f00000)
  to   space 5120K, 0% used [0x00000000d9f80000,0x00000000d9f80000,0x00000000da480000)
 ParOldGen       total 87552K, used 60685K [0x0000000080c00000, 0x0000000086180000, 0x00000000d5980000)
  object space 87552K, 69% used [0x0000000080c00000,0x0000000084743788,0x0000000086180000)
 Metaspace       used 9960K, capacity 10146K, committed 10368K, reserved 1058816K
  class space    used 1261K, capacity 1321K, committed 1408K, reserved 1048576K
}
Event: 1.977 GC heap before
{Heap before GC invocations=2 (full 1):
 PSYoungGen      total 38400K, used 3060K [0x00000000d5980000, 0x00000000da480000, 0x0000000100000000)
  eden space 33280K, 0% used [0x00000000d5980000,0x00000000d5980000,0x00000000d7a00000)
  from space 5120K, 59% used [0x00000000d7a00000,0x00000000d7cfd240,0x00000000d7f00000)
  to   space 5120K, 0% used [0x00000000d9f80000,0x00000000d9f80000,0x00000000da480000)
 ParOldGen       total 87552K, used 60685K [0x0000000080c00000, 0x0000000086180000, 0x00000000d5980000)
  object space 87552K, 69% used [0x0000000080c00000,0x0000000084743788,0x0000000086180000)
 Metaspace       used 9960K, capacity 10146K, committed 10368K, reserved 1058816K
  class space    used 1261K, capacity 1321K, committed 1408K, reserved 1048576K
Event: 1.992 GC heap after
Heap after GC invocations=2 (full 1):
 PSYoungGen      total 38400K, used 0K [0x00000000d5980000, 0x00000000da480000, 0x0000000100000000)
  eden space 33280K, 0% used [0x00000000d5980000,0x00000000d5980000,0x00000000d7a00000)
  from space 5120K, 0% used [0x00000000d7a00000,0x00000000d7a00000,0x00000000d7f00000)
  to   space 5120K, 0% used [0x00000000d9f80000,0x00000000d9f80000,0x00000000da480000)
 ParOldGen       total 130560K, used 23153K [0x0000000080c00000, 0x0000000088b80000, 0x00000000d5980000)
  object space 130560K, 17% used [0x0000000080c00000,0x000000008229c4e0,0x0000000088b80000)
 Metaspace       used 9960K, capacity 10146K, committed 10368K, reserved 1058816K
  class space    used 1261K, capacity 1321K, committed 1408K, reserved 1048576K
}

